RUN	simulations.BookingIntegratedSimulation	bookingintegratedsimulation	1649544846813	test	3.6.1
USER	full cycle with booking	START	1649544847708
USER	full cycle with booking	START	1649544847708
USER	full cycle with booking	START	1649544847708
USER	full cycle with booking	START	1649544847708
USER	full cycle with booking	START	1649544847708
USER	full cycle with booking	START	1649544847727
USER	full cycle with booking	START	1649544847708
USER	full cycle with booking	START	1649544847708
USER	full cycle with booking	START	1649544847727
USER	full cycle with booking	START	1649544847728
USER	full cycle with booking	START	1649544847728
USER	full cycle with booking	START	1649544847728
USER	full cycle with booking	START	1649544847728
USER	full cycle with booking	START	1649544847728
USER	full cycle with booking	START	1649544847728
USER	full cycle with booking	START	1649544847728
USER	full cycle with booking	START	1649544847708
USER	full cycle with booking	START	1649544847728
USER	full cycle with booking	START	1649544847727
USER	full cycle with booking	START	1649544847729
USER	full cycle with booking	START	1649544847729
USER	full cycle with booking	START	1649544847729
USER	full cycle with booking	START	1649544847729
USER	full cycle with booking	START	1649544847708
USER	full cycle with booking	START	1649544847730
USER	full cycle with booking	START	1649544847730
USER	full cycle with booking	START	1649544847728
USER	full cycle with booking	START	1649544847708
USER	full cycle with booking	START	1649544847708
USER	full cycle with booking	START	1649544847708
USER	full cycle with booking	START	1649544847708
USER	full cycle with booking	START	1649544847708
USER	full cycle with booking	START	1649544847708
USER	full cycle with booking	START	1649544847739
USER	full cycle with booking	START	1649544847739
USER	full cycle with booking	START	1649544847740
USER	full cycle with booking	START	1649544847739
USER	full cycle with booking	START	1649544847740
USER	full cycle with booking	START	1649544847740
USER	full cycle with booking	START	1649544847731
USER	full cycle with booking	START	1649544847736
USER	full cycle with booking	START	1649544847736
USER	full cycle with booking	START	1649544847741
USER	full cycle with booking	START	1649544847741
USER	full cycle with booking	START	1649544847741
USER	full cycle with booking	START	1649544847741
USER	full cycle with booking	START	1649544847708
USER	full cycle with booking	START	1649544847743
USER	full cycle with booking	START	1649544847744
USER	full cycle with booking	START	1649544847746
REQUEST		make booking	1649544847729	1649544848273	KO	status.find.is(422), but actually found 200
REQUEST		make booking	1649544847724	1649544848310	KO	status.find.is(422), but actually found 200
REQUEST		make booking	1649544847724	1649544848343	KO	status.find.is(422), but actually found 200
REQUEST		make booking	1649544847724	1649544848343	KO	status.find.is(422), but actually found 200
REQUEST		make booking	1649544847723	1649544848349	KO	status.find.is(422), but actually found 200
REQUEST		make booking	1649544847728	1649544848356	KO	status.find.is(422), but actually found 200
REQUEST		make booking	1649544847730	1649544848362	KO	status.find.is(422), but actually found 200
REQUEST		make booking	1649544847746	1649544848362	KO	status.find.is(422), but actually found 200
REQUEST		make booking	1649544847724	1649544848363	KO	status.find.is(422), but actually found 200
REQUEST		make booking	1649544847728	1649544848371	KO	status.find.is(422), but actually found 200
REQUEST		make booking	1649544847729	1649544848384	KO	status.find.is(422), but actually found 200
REQUEST		make booking	1649544847724	1649544848385	KO	status.find.is(422), but actually found 200
REQUEST		make booking	1649544847724	1649544848387	KO	status.find.is(422), but actually found 200
REQUEST		make booking	1649544847729	1649544848389	KO	status.find.is(422), but actually found 200
REQUEST		make booking	1649544847728	1649544848394	KO	status.find.is(422), but actually found 200
REQUEST		make booking	1649544847731	1649544848396	KO	status.find.is(422), but actually found 200
REQUEST		make booking	1649544847727	1649544848398	KO	status.find.is(422), but actually found 200
REQUEST		make booking	1649544847728	1649544848398	KO	status.find.is(422), but actually found 200
REQUEST		make booking	1649544847729	1649544848400	KO	status.find.is(422), but actually found 200
REQUEST		make booking	1649544847729	1649544848406	KO	status.find.is(422), but actually found 200
REQUEST		make booking	1649544847723	1649544848414	KO	status.find.is(422), but actually found 200
REQUEST		make booking	1649544847729	1649544848415	KO	status.find.is(422), but actually found 200
REQUEST		make booking	1649544847729	1649544848418	KO	status.find.is(422), but actually found 200
REQUEST		make booking	1649544847740	1649544848420	KO	status.find.is(422), but actually found 200
REQUEST		make booking	1649544847724	1649544848421	KO	status.find.is(422), but actually found 200
REQUEST		make booking	1649544847729	1649544848422	KO	status.find.is(422), but actually found 200
REQUEST		make booking	1649544847724	1649544848423	KO	status.find.is(422), but actually found 200
REQUEST		make booking	1649544847728	1649544848423	KO	status.find.is(422), but actually found 200
REQUEST		make booking	1649544847724	1649544848426	KO	status.find.is(422), but actually found 200
REQUEST		make booking	1649544847743	1649544848429	KO	status.find.is(422), but actually found 200
REQUEST		make booking	1649544847724	1649544848429	KO	status.find.is(422), but actually found 200
REQUEST		make booking	1649544847742	1649544848429	KO	status.find.is(422), but actually found 200
REQUEST		make booking	1649544847728	1649544848429	KO	status.find.is(422), but actually found 200
REQUEST		make booking	1649544847740	1649544848429	KO	status.find.is(422), but actually found 200
REQUEST		make booking	1649544847741	1649544848430	KO	status.find.is(422), but actually found 200
REQUEST		make booking	1649544847740	1649544848432	KO	status.find.is(422), but actually found 200
REQUEST		make booking	1649544847735	1649544848432	KO	status.find.is(422), but actually found 200
REQUEST		make booking	1649544847723	1649544848433	KO	status.find.is(200), but actually found 422
REQUEST		make booking	1649544847740	1649544848436	KO	status.find.is(422), but actually found 200
REQUEST		make booking	1649544847730	1649544848436	KO	status.find.is(422), but actually found 200
REQUEST		make booking	1649544847739	1649544848439	KO	status.find.is(422), but actually found 200
REQUEST		make booking	1649544847724	1649544848440	KO	status.find.is(422), but actually found 200
REQUEST		make booking	1649544847742	1649544848449	KO	status.find.is(200), but actually found 422
REQUEST		make booking	1649544847745	1649544848449	KO	status.find.is(422), but actually found 200
REQUEST		make booking	1649544847723	1649544848449	KO	status.find.is(200), but actually found 422
REQUEST		make booking	1649544847742	1649544848450	KO	status.find.is(200), but actually found 422
REQUEST		make booking	1649544847739	1649544848450	KO	status.find.is(422), but actually found 200
REQUEST		make booking	1649544847724	1649544848450	KO	status.find.is(422), but actually found 200
REQUEST		make booking	1649544847736	1649544848451	KO	status.find.is(200), but actually found 422
REQUEST		make booking	1649544847736	1649544848456	KO	status.find.is(200), but actually found 422
REQUEST		get booking	1649544850305	1649544850344	OK	 
REQUEST		get booking	1649544850318	1649544850354	OK	 
REQUEST		get booking	1649544850348	1649544850388	OK	 
REQUEST		get booking	1649544850346	1649544850394	OK	 
REQUEST		get booking	1649544850359	1649544850400	OK	 
REQUEST		get booking	1649544850352	1649544850402	OK	 
REQUEST		get booking	1649544850366	1649544850410	OK	 
REQUEST		get booking	1649544850364	1649544850414	OK	 
REQUEST		get booking	1649544850377	1649544850421	OK	 
REQUEST		get booking	1649544850365	1649544850422	OK	 
REQUEST		get booking	1649544850387	1649544850435	OK	 
REQUEST		get booking	1649544850387	1649544850442	OK	 
REQUEST		get booking	1649544850399	1649544850446	OK	 
REQUEST		get booking	1649544850389	1649544850451	OK	 
REQUEST		get booking	1649544850393	1649544850455	OK	 
REQUEST		get booking	1649544850399	1649544850457	OK	 
REQUEST		get booking	1649544850399	1649544850474	OK	 
REQUEST		get booking	1649544850398	1649544850477	OK	 
REQUEST		get booking	1649544850403	1649544850479	OK	 
REQUEST		get booking	1649544850416	1649544850489	OK	 
REQUEST		get booking	1649544850424	1649544850497	OK	 
REQUEST		get booking	1649544850423	1649544850504	OK	 
REQUEST		get booking	1649544850416	1649544850504	OK	 
REQUEST		get booking	1649544850408	1649544850504	OK	 
REQUEST		get booking	1649544850424	1649544850508	OK	 
REQUEST		get booking	1649544850425	1649544850511	OK	 
REQUEST		get booking	1649544850424	1649544850515	OK	 
REQUEST		get booking	1649544850431	1649544850530	OK	 
REQUEST		get booking	1649544850428	1649544850550	OK	 
REQUEST		get booking	1649544850431	1649544850550	OK	 
REQUEST		get booking	1649544850425	1649544850550	OK	 
REQUEST		get booking	1649544850431	1649544850550	OK	 
REQUEST		get booking	1649544850431	1649544850551	OK	 
REQUEST		get booking	1649544850430	1649544850553	OK	 
REQUEST		get booking	1649544850430	1649544850558	OK	 
REQUEST		get booking	1649544850433	1649544850562	OK	 
REQUEST		get booking	1649544850439	1649544850567	OK	 
REQUEST		get booking	1649544850433	1649544850568	OK	 
REQUEST		get menu details	1649544850395	1649544850573	OK	 
REQUEST		get menu details	1649544850389	1649544850579	OK	 
REQUEST		get menu details	1649544850402	1649544850581	OK	 
REQUEST		get menu details	1649544850400	1649544850586	OK	 
REQUEST		get booking	1649544850437	1649544850587	OK	 
REQUEST		get booking	1649544850439	1649544850590	OK	 
REQUEST		get menu details	1649544850354	1649544850591	OK	 
REQUEST		get booking	1649544850441	1649544850592	OK	 
REQUEST		get menu details	1649544850346	1649544850599	OK	 
REQUEST		get booking	1649544850453	1649544850601	OK	 
REQUEST		get booking	1649544850441	1649544850601	OK	 
REQUEST		get booking	1649544850451	1649544850602	OK	 
REQUEST		get menu details	1649544850475	1649544850606	OK	 
REQUEST		get booking	1649544850451	1649544850610	OK	 
REQUEST		get booking	1649544850452	1649544850612	OK	 
REQUEST		get booking	1649544850452	1649544850614	OK	 
REQUEST		get booking	1649544850452	1649544850614	OK	 
REQUEST		get menu details	1649544850456	1649544850614	OK	 
REQUEST		get menu details	1649544850410	1649544850622	OK	 
REQUEST		get menu details	1649544850478	1649544850622	OK	 
REQUEST		get booking	1649544850459	1649544850624	OK	 
REQUEST		get menu details	1649544850489	1649544850626	OK	 
REQUEST		get menu details	1649544850480	1649544850627	OK	 
REQUEST		get menu details	1649544850422	1649544850663	OK	 
REQUEST		get menu details	1649544850504	1649544850670	OK	 
REQUEST		get menu details	1649544850531	1649544850671	OK	 
REQUEST		get menu details	1649544850451	1649544850672	OK	 
REQUEST		get menu details	1649544850415	1649544850673	OK	 
REQUEST		get menu details	1649544850435	1649544850677	OK	 
REQUEST		get menu details	1649544850505	1649544850680	OK	 
REQUEST		get menu details	1649544850442	1649544850681	OK	 
REQUEST		get menu details	1649544850497	1649544850681	OK	 
REQUEST		get menu details	1649544850504	1649544850682	OK	 
REQUEST		get menu details	1649544850511	1649544850683	OK	 
REQUEST		get menu details	1649544850509	1649544850684	OK	 
REQUEST		get menu details	1649544850423	1649544850689	OK	 
REQUEST		get menu details	1649544850446	1649544850702	OK	 
REQUEST		get booking	1649544850453	1649544850707	OK	 
REQUEST		get menu details	1649544850602	1649544850713	OK	 
REQUEST		get menu details	1649544850602	1649544850718	OK	 
REQUEST		get menu details	1649544850457	1649544850731	OK	 
REQUEST		get menu details	1649544850611	1649544850736	OK	 
REQUEST		get menu details	1649544850615	1649544850736	OK	 
REQUEST		get menu details	1649544850612	1649544850753	OK	 
REQUEST		get menu details	1649544850625	1649544850754	OK	 
REQUEST		get menu details	1649544850615	1649544850759	OK	 
REQUEST		get menu details	1649544850707	1649544850762	OK	 
REQUEST		get menu details	1649544850587	1649544850764	OK	 
REQUEST		get menu details	1649544850516	1649544850767	OK	 
REQUEST		get menu details	1649544850567	1649544850771	OK	 
REQUEST		get menu details	1649544850559	1649544850774	OK	 
REQUEST		get menu details	1649544850593	1649544850778	OK	 
REQUEST		get menu details	1649544850552	1649544850780	OK	 
REQUEST		get menu details	1649544850551	1649544850784	OK	 
REQUEST		get menu details	1649544850602	1649544850785	OK	 
REQUEST		get menu details	1649544850590	1649544850786	OK	 
REQUEST		get menu details	1649544850551	1649544850789	OK	 
REQUEST		get menu details	1649544850568	1649544850793	OK	 
REQUEST		get menu details	1649544850551	1649544850794	OK	 
REQUEST		get menu details	1649544850562	1649544850796	OK	 
REQUEST		get menu details	1649544850551	1649544850801	OK	 
REQUEST		get menu details	1649544850553	1649544850804	OK	 
REQUEST		take order	1649544851593	1649544851663	OK	 
REQUEST		take order	1649544851593	1649544851664	OK	 
REQUEST		take order	1649544851595	1649544851680	OK	 
REQUEST		take order	1649544851593	1649544851685	OK	 
REQUEST		take order	1649544851621	1649544851694	OK	 
REQUEST		take order	1649544851610	1649544851696	OK	 
REQUEST		take order	1649544851594	1649544851696	OK	 
REQUEST		take order	1649544851605	1649544851698	OK	 
REQUEST		take order	1649544851628	1649544851711	OK	 
REQUEST		take order	1649544851628	1649544851712	OK	 
REQUEST		take order	1649544851676	1649544851748	OK	 
REQUEST		take order	1649544851674	1649544851748	OK	 
REQUEST		take order	1649544851668	1649544851751	OK	 
REQUEST		take order	1649544851673	1649544851753	OK	 
REQUEST		take order	1649544851676	1649544851755	OK	 
REQUEST		take order	1649544851682	1649544851755	OK	 
REQUEST		take order	1649544851679	1649544851771	OK	 
REQUEST		take order	1649544851683	1649544851771	OK	 
REQUEST		take order	1649544851690	1649544851774	OK	 
REQUEST		take order	1649544851686	1649544851774	OK	 
REQUEST		take order	1649544851629	1649544851801	OK	 
REQUEST		take order	1649544851754	1649544851810	OK	 
REQUEST		take order	1649544851764	1649544851825	OK	 
REQUEST		take order	1649544851765	1649544851831	OK	 
REQUEST		take order	1649544851633	1649544851831	OK	 
REQUEST		take order	1649544851755	1649544851832	OK	 
REQUEST		take order	1649544851760	1649544851836	OK	 
REQUEST		take order	1649544851780	1649544851848	OK	 
REQUEST		take order	1649544851768	1649544851848	OK	 
REQUEST		take order	1649544851691	1649544851857	OK	 
REQUEST		take order	1649544851781	1649544851859	OK	 
REQUEST		take order	1649544851776	1649544851865	OK	 
REQUEST		take order	1649544851773	1649544851871	OK	 
REQUEST		take order	1649544851795	1649544851873	OK	 
REQUEST		take order	1649544851795	1649544851875	OK	 
REQUEST		take order	1649544851691	1649544851877	OK	 
REQUEST		take order	1649544851720	1649544851877	OK	 
REQUEST		take order	1649544851792	1649544851877	OK	 
REQUEST		take order	1649544851720	1649544851877	OK	 
REQUEST		take order	1649544851737	1649544851880	OK	 
REQUEST		take order	1649544851806	1649544851882	OK	 
REQUEST		take order	1649544851799	1649544851883	OK	 
REQUEST		take order	1649544851804	1649544851885	OK	 
REQUEST		take order	1649544851732	1649544851889	OK	 
REQUEST		take order	1649544851738	1649544851892	OK	 
REQUEST		take order	1649544851692	1649544851893	OK	 
REQUEST		take order	1649544851704	1649544851895	OK	 
REQUEST		take order	1649544851786	1649544851937	OK	 
REQUEST		take order	1649544851787	1649544851945	OK	 
REQUEST		take order	1649544851786	1649544851958	OK	 
REQUEST		get bill	1649544852671	1649544852970	OK	 
REQUEST		get bill	1649544852688	1649544852980	OK	 
REQUEST		get bill	1649544852671	1649544852981	OK	 
REQUEST		get bill	1649544852702	1649544852992	OK	 
REQUEST		get bill	1649544852687	1649544852993	OK	 
REQUEST		get bill	1649544852838	1649544853000	OK	 
REQUEST		get bill	1649544852750	1649544853030	OK	 
REQUEST		get bill	1649544852717	1649544853034	OK	 
REQUEST		get bill	1649544852717	1649544853037	OK	 
REQUEST		get bill	1649544852775	1649544853038	OK	 
REQUEST		get bill	1649544852750	1649544853040	OK	 
REQUEST		get bill	1649544852700	1649544853040	OK	 
REQUEST		get bill	1649544852699	1649544853041	OK	 
REQUEST		get bill	1649544852861	1649544853041	OK	 
REQUEST		get bill	1649544852866	1649544853044	OK	 
REQUEST		get bill	1649544852702	1649544853045	OK	 
REQUEST		get bill	1649544852775	1649544853045	OK	 
REQUEST		get bill	1649544852851	1649544853046	OK	 
REQUEST		get bill	1649544852753	1649544853048	OK	 
REQUEST		get bill	1649544852861	1649544853050	OK	 
REQUEST		get bill	1649544852851	1649544853052	OK	 
REQUEST		get bill	1649544852775	1649544853055	OK	 
REQUEST		get bill	1649544852757	1649544853055	OK	 
REQUEST		get bill	1649544852758	1649544853056	OK	 
REQUEST		get bill	1649544852878	1649544853064	OK	 
REQUEST		get bill	1649544852878	1649544853072	OK	 
REQUEST		get bill	1649544852878	1649544853072	OK	 
REQUEST		get bill	1649544852838	1649544853074	OK	 
REQUEST		get bill	1649544852829	1649544853075	OK	 
REQUEST		get bill	1649544852837	1649544853079	OK	 
REQUEST		get bill	1649544852757	1649544853081	OK	 
REQUEST		get bill	1649544852805	1649544853081	OK	 
REQUEST		get bill	1649544852881	1649544853084	OK	 
REQUEST		get bill	1649544852883	1649544853085	OK	 
REQUEST		get bill	1649544852882	1649544853092	OK	 
REQUEST		get bill	1649544852885	1649544853092	OK	 
REQUEST		get bill	1649544852837	1649544853095	OK	 
REQUEST		get bill	1649544852889	1649544853096	OK	 
REQUEST		get bill	1649544852883	1649544853100	OK	 
REQUEST		get bill	1649544852893	1649544853102	OK	 
REQUEST		get bill	1649544852812	1649544853103	OK	 
REQUEST		get bill	1649544852776	1649544853103	OK	 
REQUEST		get bill	1649544852894	1649544853103	OK	 
REQUEST		get bill	1649544852895	1649544853103	OK	 
REQUEST		get bill	1649544852899	1649544853108	OK	 
REQUEST		get bill	1649544852938	1649544853109	OK	 
REQUEST		get bill	1649544852960	1649544853117	OK	 
REQUEST		get bill	1649544852948	1649544853118	OK	 
REQUEST		get bill	1649544852876	1649544853138	OK	 
REQUEST		get bill	1649544852876	1649544853156	OK	 
REQUEST		pay bill	1649544853974	1649544854118	KO	status.find.is(200), but actually found 500
USER	full cycle with booking	END	1649544854124
REQUEST		pay bill	1649544854035	1649544854148	KO	status.find.is(200), but actually found 500
USER	full cycle with booking	END	1649544854149
REQUEST		pay bill	1649544853996	1649544854157	KO	status.find.is(200), but actually found 500
USER	full cycle with booking	END	1649544854158
REQUEST		pay bill	1649544854039	1649544854281	KO	status.find.is(200), but actually found 500
USER	full cycle with booking	END	1649544854283
REQUEST		pay bill	1649544853986	1649544854284	KO	status.find.is(200), but actually found 500
USER	full cycle with booking	END	1649544854285
REQUEST		pay bill	1649544853996	1649544854354	KO	status.find.is(200), but actually found 500
USER	full cycle with booking	END	1649544854354
REQUEST		pay bill	1649544854054	1649544854366	KO	status.find.is(200), but actually found 500
USER	full cycle with booking	END	1649544854367
REQUEST		pay bill	1649544854007	1649544854377	KO	status.find.is(200), but actually found 500
USER	full cycle with booking	END	1649544854378
REQUEST		pay bill	1649544853986	1649544854385	KO	status.find.is(200), but actually found 500
USER	full cycle with booking	END	1649544854386
REQUEST		pay bill	1649544854039	1649544854417	KO	status.find.is(200), but actually found 500
USER	full cycle with booking	END	1649544854418
REQUEST		pay bill	1649544854041	1649544854437	KO	status.find.is(200), but actually found 500
USER	full cycle with booking	END	1649544854438
REQUEST		pay bill	1649544854046	1649544854641	KO	status.find.is(200), but actually found 500
USER	full cycle with booking	END	1649544854642
REQUEST		pay bill	1649544854039	1649544854681	KO	status.find.is(200), but actually found 500
USER	full cycle with booking	END	1649544854682
REQUEST		pay bill	1649544854045	1649544854689	KO	status.find.is(200), but actually found 500
USER	full cycle with booking	END	1649544854691
REQUEST		pay bill	1649544854046	1649544854693	KO	status.find.is(200), but actually found 500
USER	full cycle with booking	END	1649544854694
REQUEST		pay bill	1649544854045	1649544854753	KO	status.find.is(200), but actually found 500
USER	full cycle with booking	END	1649544854754
REQUEST		pay bill	1649544854052	1649544854755	KO	status.find.is(200), but actually found 500
USER	full cycle with booking	END	1649544854755
REQUEST		pay bill	1649544854056	1649544854757	KO	status.find.is(200), but actually found 500
USER	full cycle with booking	END	1649544854758
REQUEST		pay bill	1649544854076	1649544854776	KO	status.find.is(200), but actually found 500
USER	full cycle with booking	END	1649544854778
REQUEST		pay bill	1649544854066	1649544854838	KO	status.find.is(200), but actually found 500
USER	full cycle with booking	END	1649544854839
REQUEST		pay bill	1649544854057	1649544854849	KO	status.find.is(200), but actually found 500
USER	full cycle with booking	END	1649544854850
REQUEST		pay bill	1649544854044	1649544854851	KO	status.find.is(200), but actually found 500
USER	full cycle with booking	END	1649544854851
REQUEST		pay bill	1649544854077	1649544854944	KO	status.find.is(200), but actually found 500
USER	full cycle with booking	END	1649544854944
REQUEST		pay bill	1649544854050	1649544854961	KO	status.find.is(200), but actually found 500
USER	full cycle with booking	END	1649544854962
REQUEST		pay bill	1649544854085	1649544854995	KO	status.find.is(200), but actually found 500
USER	full cycle with booking	END	1649544854996
REQUEST		pay bill	1649544854050	1649544855027	KO	status.find.is(200), but actually found 500
USER	full cycle with booking	END	1649544855028
REQUEST		pay bill	1649544854075	1649544855043	KO	status.find.is(200), but actually found 500
USER	full cycle with booking	END	1649544855044
REQUEST		pay bill	1649544854047	1649544855050	KO	status.find.is(200), but actually found 500
USER	full cycle with booking	END	1649544855050
REQUEST		pay bill	1649544854086	1649544855051	KO	status.find.is(200), but actually found 500
USER	full cycle with booking	END	1649544855051
REQUEST		pay bill	1649544854076	1649544855075	KO	status.find.is(200), but actually found 500
USER	full cycle with booking	END	1649544855076
REQUEST		pay bill	1649544854103	1649544855086	KO	status.find.is(200), but actually found 500
USER	full cycle with booking	END	1649544855087
REQUEST		pay bill	1649544854098	1649544855093	KO	status.find.is(200), but actually found 500
USER	full cycle with booking	END	1649544855094
REQUEST		pay bill	1649544854084	1649544855099	KO	status.find.is(200), but actually found 500
USER	full cycle with booking	END	1649544855100
REQUEST		pay bill	1649544854103	1649544855101	KO	status.find.is(200), but actually found 500
USER	full cycle with booking	END	1649544855102
REQUEST		pay bill	1649544854057	1649544855109	KO	status.find.is(200), but actually found 500
USER	full cycle with booking	END	1649544855109
REQUEST		pay bill	1649544854113	1649544855111	KO	status.find.is(200), but actually found 500
REQUEST		pay bill	1649544854104	1649544855111	KO	status.find.is(200), but actually found 500
USER	full cycle with booking	END	1649544855112
USER	full cycle with booking	END	1649544855112
REQUEST		pay bill	1649544854110	1649544855149	KO	status.find.is(200), but actually found 500
USER	full cycle with booking	END	1649544855149
REQUEST		pay bill	1649544854097	1649544855150	KO	status.find.is(200), but actually found 500
USER	full cycle with booking	END	1649544855150
REQUEST		pay bill	1649544854093	1649544855247	KO	status.find.is(200), but actually found 500
USER	full cycle with booking	END	1649544855248
REQUEST		pay bill	1649544854158	1649544855261	KO	status.find.is(200), but actually found 500
USER	full cycle with booking	END	1649544855262
REQUEST		pay bill	1649544854080	1649544855264	KO	status.find.is(200), but actually found 500
USER	full cycle with booking	END	1649544855266
REQUEST		pay bill	1649544854097	1649544855266	KO	status.find.is(200), but actually found 500
USER	full cycle with booking	END	1649544855267
REQUEST		pay bill	1649544854082	1649544855284	KO	status.find.is(200), but actually found 500
USER	full cycle with booking	END	1649544855286
REQUEST		pay bill	1649544854104	1649544855290	KO	status.find.is(200), but actually found 500
REQUEST		pay bill	1649544854141	1649544855293	KO	status.find.is(200), but actually found 500
USER	full cycle with booking	END	1649544855293
USER	full cycle with booking	END	1649544855293
REQUEST		pay bill	1649544854106	1649544855306	KO	status.find.is(200), but actually found 500
REQUEST		pay bill	1649544854104	1649544855306	KO	status.find.is(200), but actually found 500
USER	full cycle with booking	END	1649544855307
USER	full cycle with booking	END	1649544855307
REQUEST		pay bill	1649544854119	1649544855313	KO	status.find.is(200), but actually found 500
USER	full cycle with booking	END	1649544855315
REQUEST		pay bill	1649544854118	1649544855319	KO	status.find.is(200), but actually found 500
USER	full cycle with booking	END	1649544855320
