RUN	simulations.IntegratedSimulation	integratedsimulation	1649489377033	test	3.6.1
USER	full cycle without booking	START	1649489378005
USER	full cycle without booking	START	1649489378005
USER	full cycle without booking	START	1649489378005
USER	full cycle without booking	START	1649489378005
USER	full cycle without booking	START	1649489378005
REQUEST		get menu details	1649489378014	1649489378264	OK	 
REQUEST		get menu details	1649489378014	1649489378269	OK	 
REQUEST		get menu details	1649489378014	1649489378269	OK	 
REQUEST		get menu details	1649489378014	1649489378269	OK	 
REQUEST		get menu details	1649489378014	1649489378275	OK	 
REQUEST		take order	1649489379289	1649489379451	OK	 
REQUEST		take order	1649489379289	1649489379463	OK	 
REQUEST		take order	1649489379289	1649489379463	OK	 
REQUEST		take order	1649489379289	1649489379463	OK	 
REQUEST		take order	1649489379289	1649489379466	OK	 
REQUEST		get bill	1649489380469	1649489380649	OK	 
REQUEST		get bill	1649489380467	1649489380661	OK	 
REQUEST		get bill	1649489380469	1649489380661	OK	 
REQUEST		get bill	1649489380469	1649489380663	OK	 
REQUEST		get bill	1649489380469	1649489380663	OK	 
REQUEST		pay bill	1649489381654	1649489381809	OK	 
USER	full cycle without booking	END	1649489381811
REQUEST		pay bill	1649489381667	1649489381827	OK	 
USER	full cycle without booking	END	1649489381828
REQUEST		pay bill	1649489381667	1649489381830	OK	 
REQUEST		pay bill	1649489381667	1649489381830	OK	 
USER	full cycle without booking	END	1649489381831
USER	full cycle without booking	END	1649489381831
REQUEST		pay bill	1649489381667	1649489381834	OK	 
USER	full cycle without booking	END	1649489381835
